Running: C:\Xilinx\14.4\ISE_DS\ISE\bin\nt\unwrapped\fuse.exe -intstyle ise -incremental -lib unisims_ver -lib unimacro_ver -lib xilinxcorelib_ver -o C:/Users/usuario/Documents/Mario/BallGameDeluxe/PruebaVGA_isim_beh.exe -prj C:/Users/usuario/Documents/Mario/BallGameDeluxe/PruebaVGA_beh.prj work.PruebaVGA work.glbl 
ISim P.49d (signature 0x8ef4fb42)
Number of CPUs detected in this system: 4
Turning on mult-threading, number of parallel sub-compilation jobs: 8 
Determining compilation order of HDL files
Analyzing Verilog file "C:/Users/usuario/Documents/Mario/BallGameDeluxe/nCounter.v" into library work
Analyzing Verilog file "C:/Users/usuario/Documents/Mario/BallGameDeluxe/vga640x480.v" into library work
Analyzing Verilog file "C:/Users/usuario/Documents/Mario/BallGameDeluxe/PruebaVGA.v" into library work
Analyzing Verilog file "C:/Xilinx/14.4/ISE_DS/ISE//verilog/src/glbl.v" into library work
Starting static elaboration
Completed static elaboration
Fuse Memory Usage: 124820 KB
Fuse CPU Usage: 218 ms
Compiling module nCounter(limit=400,busSize=9)
Compiling module vga640x480
Compiling module PruebaVGA
Compiling module glbl
Time Resolution for simulation is 1ps.
Waiting for 1 sub-compilation(s) to finish...
Compiled 4 Verilog Units
Built simulation executable C:/Users/usuario/Documents/Mario/BallGameDeluxe/PruebaVGA_isim_beh.exe
Fuse Memory Usage: 130436 KB
Fuse CPU Usage: 249 ms
